2019-06-03 14:14:34.539  INFO 15076 --- [main] com.App                                  : No active profile set, falling back to default profiles: default
2019-06-03 14:14:34.563  INFO 15076 --- [main] ConfigServletWebServerApplicationContext : Refreshing org.springframework.boot.web.servlet.context.AnnotationConfigServletWebServerApplicationContext@7aaca91a: startup date [Mon Jun 03 14:14:34 CST 2019]; parent: org.springframework.context.annotation.AnnotationConfigApplicationContext@397fbdb
2019-06-03 14:15:28.842  INFO 4460 --- [main] com.App                                  : No active profile set, falling back to default profiles: default
2019-06-03 14:15:28.858  INFO 4460 --- [main] ConfigServletWebServerApplicationContext : Refreshing org.springframework.boot.web.servlet.context.AnnotationConfigServletWebServerApplicationContext@147a5d08: startup date [Mon Jun 03 14:15:28 CST 2019]; parent: org.springframework.context.annotation.AnnotationConfigApplicationContext@351d00c0
2019-06-03 14:15:31.246  INFO 4460 --- [main] .s.d.r.c.RepositoryConfigurationDelegate : Multiple Spring Data modules found, entering strict repository configuration mode!
2019-06-03 14:15:32.222  INFO 4460 --- [main] o.s.cloud.context.scope.GenericScope     : BeanFactory id=7fef32ef-14bf-3f9d-9c24-c47facc1f2a7
2019-06-03 14:15:32.238  INFO 4460 --- [main] f.a.AutowiredAnnotationBeanPostProcessor : JSR-330 'javax.inject.Inject' annotation found and supported for autowiring
2019-06-03 14:15:32.346  INFO 4460 --- [main] trationDelegate$BeanPostProcessorChecker : Bean 'org.springframework.transaction.annotation.ProxyTransactionManagementConfiguration' of type [org.springframework.transaction.annotation.ProxyTransactionManagementConfiguration$$EnhancerBySpringCGLIB$$73fc5225] is not eligible for getting processed by all BeanPostProcessors (for example: not eligible for auto-proxying)
2019-06-03 14:15:32.454  INFO 4460 --- [main] trationDelegate$BeanPostProcessorChecker : Bean 'org.springframework.cloud.autoconfigure.ConfigurationPropertiesRebinderAutoConfiguration' of type [org.springframework.cloud.autoconfigure.ConfigurationPropertiesRebinderAutoConfiguration$$EnhancerBySpringCGLIB$$90165522] is not eligible for getting processed by all BeanPostProcessors (for example: not eligible for auto-proxying)
2019-06-03 14:15:32.778  INFO 4460 --- [main] o.s.b.w.embedded.tomcat.TomcatWebServer  : Tomcat initialized with port(s): 11000 (http)
2019-06-03 14:15:32.798  INFO 4460 --- [main] o.apache.catalina.core.StandardService   : Starting service [Tomcat]
2019-06-03 14:15:32.798  INFO 4460 --- [main] org.apache.catalina.core.StandardEngine  : Starting Servlet Engine: Apache Tomcat/8.5.31
2019-06-03 14:15:32.802  INFO 4460 --- [localhost-startStop-1] o.a.catalina.core.AprLifecycleListener   : The APR based Apache Tomcat Native library which allows optimal performance in production environments was not found on the java.library.path: [C:\Program Files\Java\jdk1.8.0_201\bin;C:\Windows\Sun\Java\bin;C:\Windows\system32;C:\Windows;C:\Program Files (x86)\Common Files\Oracle\Java\javapath;C:\Program Files (x86)\Intel\Intel(R) Management Engine Components\iCLS\;C:\Program Files\Intel\Intel(R) Management Engine Components\iCLS\;C:\Windows\system32;C:\Windows;C:\Windows\System32\Wbem;C:\Windows\System32\WindowsPowerShell\v1.0\;C:\Windows\System32\OpenSSH\;C:\Program Files (x86)\Intel\Intel(R) Management Engine Components\DAL;C:\Program Files\Intel\Intel(R) Management Engine Components\DAL;C:\Program Files (x86)\Intel\Intel(R) Management Engine Components\IPT;C:\Program Files\Intel\Intel(R) Management Engine Components\IPT;C:\Program Files (x86)\NVIDIA Corporation\PhysX\Common;C:\Program Files\Intel\WiFi\bin\;C:\Program Files\Common Files\Intel\WirelessCommon\;C:\Program Files\Git\cmd;C:\Users\47159\AppData\Local\Microsoft\WindowsApps;;.]
2019-06-03 14:15:32.938  INFO 4460 --- [localhost-startStop-1] o.a.c.c.C.[Tomcat].[localhost].[/]       : Initializing Spring embedded WebApplicationContext
2019-06-03 14:15:32.942  INFO 4460 --- [localhost-startStop-1] o.s.web.context.ContextLoader            : Root WebApplicationContext: initialization completed in 4084 ms
2019-06-03 14:15:33.102  INFO 4460 --- [localhost-startStop-1] o.s.b.w.servlet.ServletRegistrationBean  : Servlet statViewServlet mapped to [/druid/*]
2019-06-03 14:15:33.106  INFO 4460 --- [localhost-startStop-1] o.s.b.w.servlet.ServletRegistrationBean  : Servlet dispatcherServlet mapped to [/]
2019-06-03 14:15:33.106  INFO 4460 --- [localhost-startStop-1] o.s.b.w.servlet.FilterRegistrationBean   : Mapping filter: 'characterEncodingFilter' to: [/*]
2019-06-03 14:15:33.110  INFO 4460 --- [localhost-startStop-1] o.s.b.w.servlet.FilterRegistrationBean   : Mapping filter: 'hiddenHttpMethodFilter' to: [/*]
2019-06-03 14:15:33.110  INFO 4460 --- [localhost-startStop-1] o.s.b.w.servlet.FilterRegistrationBean   : Mapping filter: 'httpPutFormContentFilter' to: [/*]
2019-06-03 14:15:33.110  INFO 4460 --- [localhost-startStop-1] o.s.b.w.servlet.FilterRegistrationBean   : Mapping filter: 'requestContextFilter' to: [/*]
2019-06-03 14:15:33.110  INFO 4460 --- [localhost-startStop-1] o.s.b.w.servlet.FilterRegistrationBean   : Mapping filter: 'webStatFilter' to urls: [/*]
2019-06-03 14:15:33.110  INFO 4460 --- [localhost-startStop-1] o.s.b.w.servlet.FilterRegistrationBean   : Mapping filter: 'corsFilter' to: [/*]
2019-06-03 14:15:34.801  INFO 4460 --- [main] com.alibaba.druid.pool.DruidDataSource   : {dataSource-1} inited
2019-06-03 14:15:35.381  INFO 4460 --- [main] s.c.a.AnnotationConfigApplicationContext : Refreshing FeignContext-auth: startup date [Mon Jun 03 14:15:35 CST 2019]; parent: org.springframework.boot.web.servlet.context.AnnotationConfigServletWebServerApplicationContext@147a5d08
2019-06-03 14:15:35.397  INFO 4460 --- [main] f.a.AutowiredAnnotationBeanPostProcessor : JSR-330 'javax.inject.Inject' annotation found and supported for autowiring
2019-06-03 14:15:35.881  INFO 4460 --- [main] io.lettuce.core.EpollProvider            : Starting without optional epoll library
2019-06-03 14:15:35.881  INFO 4460 --- [main] io.lettuce.core.KqueueProvider           : Starting without optional kqueue library
2019-06-03 14:15:36.665  INFO 4460 --- [main] s.w.s.m.m.a.RequestMappingHandlerMapping : Mapped "{[/ops/address/add],methods=[POST]}" onto public com.util.ResponseObject com.controller.AddressController.add(javax.servlet.http.HttpServletRequest,javax.servlet.http.HttpServletResponse,com.entity.Address,org.springframework.validation.BindingResult)
2019-06-03 14:15:36.665  INFO 4460 --- [main] s.w.s.m.m.a.RequestMappingHandlerMapping : Mapped "{[/ops/address/update],methods=[POST]}" onto public com.util.ResponseObject com.controller.AddressController.update(javax.servlet.http.HttpServletRequest,javax.servlet.http.HttpServletResponse,com.entity.Address)
2019-06-03 14:15:36.665  INFO 4460 --- [main] s.w.s.m.m.a.RequestMappingHandlerMapping : Mapped "{[/ops/address/find],methods=[POST]}" onto public com.util.ResponseObject com.controller.AddressController.find(javax.servlet.http.HttpServletRequest,javax.servlet.http.HttpServletResponse,com.entity.Address)
2019-06-03 14:15:36.669  INFO 4460 --- [main] s.w.s.m.m.a.RequestMappingHandlerMapping : Mapped "{[/ops/application/version],methods=[GET]}" onto public java.lang.String com.controller.ApplicationController.version()
2019-06-03 14:15:36.669  INFO 4460 --- [main] s.w.s.m.m.a.RequestMappingHandlerMapping : Mapped "{[/ops/application/check]}" onto public java.lang.String com.controller.ApplicationController.version(org.apache.catalina.servlet4preview.http.HttpServletRequest,javax.servlet.http.HttpServletResponse) throws java.io.IOException,org.xml.sax.SAXException
2019-06-03 14:15:36.669  INFO 4460 --- [main] s.w.s.m.m.a.RequestMappingHandlerMapping : Mapped "{[/ops/application/setversion],methods=[GET]}" onto public java.lang.String com.controller.ApplicationController.setversion(java.lang.String)
2019-06-03 14:15:36.669  INFO 4460 --- [main] s.w.s.m.m.a.RequestMappingHandlerMapping : Mapped "{[/ops/application/appversion],methods=[GET]}" onto public com.util.ResponseObject com.controller.ApplicationController.appversion()
2019-06-03 14:15:36.669  INFO 4460 --- [main] s.w.s.m.m.a.RequestMappingHandlerMapping : Mapped "{[/ops/application/setappversion],methods=[GET]}" onto public java.lang.String com.controller.ApplicationController.setappversion(java.lang.String)
2019-06-03 14:15:36.669  INFO 4460 --- [main] s.w.s.m.m.a.RequestMappingHandlerMapping : Mapped "{[/cert/up],methods=[POST]}" onto private java.lang.String com.controller.CertUploadController.upload(org.springframework.web.multipart.MultipartFile)
2019-06-03 14:15:36.669  INFO 4460 --- [main] s.w.s.m.m.a.RequestMappingHandlerMapping : Mapped "{[/ops/charge/remove],methods=[POST]}" onto public com.util.ResponseObject com.controller.ChargeController.add(javax.servlet.http.HttpServletRequest,javax.servlet.http.HttpServletResponse,int)
2019-06-03 14:15:36.669  INFO 4460 --- [main] s.w.s.m.m.a.RequestMappingHandlerMapping : Mapped "{[/ops/charge/find],methods=[POST]}" onto public com.util.ResponseObject com.controller.ChargeController.add(javax.servlet.http.HttpServletRequest,javax.servlet.http.HttpServletResponse)
2019-06-03 14:15:36.669  INFO 4460 --- [main] s.w.s.m.m.a.RequestMappingHandlerMapping : Mapped "{[/ops/charge/add],methods=[POST]}" onto public com.util.ResponseObject com.controller.ChargeController.add(javax.servlet.http.HttpServletRequest,javax.servlet.http.HttpServletResponse,com.entity.Charge,org.springframework.validation.BindingResult)
2019-06-03 14:15:36.673  INFO 4460 --- [main] s.w.s.m.m.a.RequestMappingHandlerMapping : Mapped "{[/ops/daylogtakeout/find],methods=[POST]}" onto public com.util.ResponseObject com.controller.DayLogController.find(javax.servlet.http.HttpServletRequest,javax.servlet.http.HttpServletResponse,java.lang.String,java.lang.String,java.lang.String,java.lang.Integer,int,int)
2019-06-03 14:15:36.673  INFO 4460 --- [main] s.w.s.m.m.a.RequestMappingHandlerMapping : Mapped "{[/ops/evaluate/add],methods=[POST]}" onto public com.util.ResponseObject com.controller.EvaluateController.add(javax.servlet.http.HttpServletRequest,javax.servlet.http.HttpServletResponse,com.entity.Evaluate,java.lang.String,org.springframework.validation.BindingResult)
2019-06-03 14:15:36.673  INFO 4460 --- [main] s.w.s.m.m.a.RequestMappingHandlerMapping : Mapped "{[/ops/evaluate/findbyshopid],methods=[POST]}" onto public com.util.ResponseObject com.controller.EvaluateController.find(javax.servlet.http.HttpServletRequest,javax.servlet.http.HttpServletResponse,int,com.entity.Base)
2019-06-03 14:15:36.673  INFO 4460 --- [main] s.w.s.m.m.a.RequestMappingHandlerMapping : Mapped "{[/ops/evaluate/find],methods=[POST]}" onto public com.util.ResponseObject com.controller.EvaluateController.find(javax.servlet.http.HttpServletRequest,javax.servlet.http.HttpServletResponse,com.entity.Evaluate)
2019-06-03 14:15:36.677  INFO 4460 --- [main] s.w.s.m.m.a.RequestMappingHandlerMapping : Mapped "{[/ops/floor/add],methods=[POST]}" onto public com.util.ResponseObject com.controller.FloorController.add(javax.servlet.http.HttpServletRequest,javax.servlet.http.HttpServletResponse,com.entity.Floor,org.springframework.validation.BindingResult)
2019-06-03 14:15:36.677  INFO 4460 --- [main] s.w.s.m.m.a.RequestMappingHandlerMapping : Mapped "{[/ops/floor/update],methods=[POST]}" onto public com.util.ResponseObject com.controller.FloorController.update(javax.servlet.http.HttpServletRequest,javax.servlet.http.HttpServletResponse,com.entity.Floor)
2019-06-03 14:15:36.677  INFO 4460 --- [main] s.w.s.m.m.a.RequestMappingHandlerMapping : Mapped "{[/ops/floor/find],methods=[POST]}" onto public com.util.ResponseObject com.controller.FloorController.find(javax.servlet.http.HttpServletRequest,javax.servlet.http.HttpServletResponse,com.entity.Floor)
2019-06-03 14:15:36.677  INFO 4460 --- [main] s.w.s.m.m.a.RequestMappingHandlerMapping : Mapped "{[/ops/admin/index],methods=[POST]}" onto public com.util.ResponseObject com.controller.IndexController.add(javax.servlet.http.HttpServletRequest,javax.servlet.http.HttpServletResponse,int)
2019-06-03 14:15:36.677  INFO 4460 --- [main] s.w.s.m.m.a.RequestMappingHandlerMapping : Mapped "{[/ops/notice/add],methods=[POST]}" onto public com.util.ResponseObject com.controller.NoticeController.add(javax.servlet.http.HttpServletRequest,javax.servlet.http.HttpServletResponse,com.entity.Notice,org.springframework.validation.BindingResult)
2019-06-03 14:15:36.677  INFO 4460 --- [main] s.w.s.m.m.a.RequestMappingHandlerMapping : Mapped "{[/ops/notice/update],methods=[POST]}" onto public com.util.ResponseObject com.controller.NoticeController.update(javax.servlet.http.HttpServletRequest,javax.servlet.http.HttpServletResponse,com.entity.Notice)
2019-06-03 14:15:36.677  INFO 4460 --- [main] s.w.s.m.m.a.RequestMappingHandlerMapping : Mapped "{[/ops/notice/find],methods=[POST]}" onto public com.util.ResponseObject com.controller.NoticeController.find(javax.servlet.http.HttpServletRequest,javax.servlet.http.HttpServletResponse,com.entity.Notice)
2019-06-03 14:15:36.681  INFO 4460 --- [main] s.w.s.m.m.a.RequestMappingHandlerMapping : Mapped "{[/ops/orders/add],methods=[POST]}" onto public com.util.ResponseObject com.controller.OrdersController.add(javax.servlet.http.HttpServletRequest,javax.servlet.http.HttpServletResponse,java.lang.Integer[],java.lang.Integer[],java.lang.Integer[],com.entity.Orders,org.springframework.validation.BindingResult)
2019-06-03 14:15:36.681  INFO 4460 --- [main] s.w.s.m.m.a.RequestMappingHandlerMapping : Mapped "{[/ops/orders/pay],methods=[POST]}" onto public com.util.ResponseObject com.controller.OrdersController.find(javax.servlet.http.HttpServletRequest,javax.servlet.http.HttpServletResponse,java.lang.String,java.lang.String)
2019-06-03 14:15:36.681  INFO 4460 --- [main] s.w.s.m.m.a.RequestMappingHandlerMapping : Mapped "{[/ops/orders/cancel],methods=[POST]}" onto public com.util.ResponseObject com.controller.OrdersController.find(javax.servlet.http.HttpServletRequest,javax.servlet.http.HttpServletResponse,java.lang.String)
2019-06-03 14:15:36.681  INFO 4460 --- [main] s.w.s.m.m.a.RequestMappingHandlerMapping : Mapped "{[/ops/orders/find],methods=[POST]}" onto public com.util.ResponseObject com.controller.OrdersController.find(javax.servlet.http.HttpServletRequest,javax.servlet.http.HttpServletResponse,com.entity.Orders)
2019-06-03 14:15:36.681  INFO 4460 --- [main] s.w.s.m.m.a.RequestMappingHandlerMapping : Mapped "{[/ops/orders/android/findorders],methods=[POST]}" onto public com.util.ResponseObject com.controller.OrdersController.android_findorders(javax.servlet.http.HttpServletRequest,javax.servlet.http.HttpServletResponse,int,int,int)
2019-06-03 14:15:36.681  INFO 4460 --- [main] s.w.s.m.m.a.RequestMappingHandlerMapping : Mapped "{[/ops/orders/android/findordersyjs],methods=[POST]}" onto public com.util.ResponseObject com.controller.OrdersController.android_findorders2(javax.servlet.http.HttpServletRequest,javax.servlet.http.HttpServletResponse,int,int,int)
2019-06-03 14:15:36.681  INFO 4460 --- [main] s.w.s.m.m.a.RequestMappingHandlerMapping : Mapped "{[/ops/orders/android/findDjs],methods=[POST]}" onto public com.util.ResponseObject com.controller.OrdersController.android_findDjs(javax.servlet.http.HttpServletRequest,javax.servlet.http.HttpServletResponse,int)
2019-06-03 14:15:36.681  INFO 4460 --- [main] s.w.s.m.m.a.RequestMappingHandlerMapping : Mapped "{[/ops/orders/android/acceptorder],methods=[POST]}" onto public com.util.ResponseObject com.controller.OrdersController.android_findDjs(javax.servlet.http.HttpServletRequest,javax.servlet.http.HttpServletResponse,java.lang.String)
2019-06-03 14:15:36.681  INFO 4460 --- [main] s.w.s.m.m.a.RequestMappingHandlerMapping : Mapped "{[/ops/notify/run],methods=[POST]}" onto public void com.controller.OrdersNotify.run(javax.servlet.http.HttpServletResponse,javax.servlet.http.HttpServletRequest) throws java.io.IOException,org.xml.sax.SAXException
2019-06-03 14:15:36.681  INFO 4460 --- [main] s.w.s.m.m.a.RequestMappingHandlerMapping : Mapped "{[/ops/notify/takeout],methods=[POST]}" onto public void com.controller.OrdersNotify.takeout_noti(javax.servlet.http.HttpServletResponse,javax.servlet.http.HttpServletRequest) throws java.io.IOException,org.xml.sax.SAXException
2019-06-03 14:15:36.681  INFO 4460 --- [main] s.w.s.m.m.a.RequestMappingHandlerMapping : Mapped "{[/ops/notify/charge],methods=[POST]}" onto public void com.controller.OrdersNotify.charge(javax.servlet.http.HttpServletResponse,javax.servlet.http.HttpServletRequest) throws java.io.IOException,org.xml.sax.SAXException
2019-06-03 14:15:36.681  INFO 4460 --- [main] s.w.s.m.m.a.RequestMappingHandlerMapping : Mapped "{[/ops/productcategory/add],methods=[POST]}" onto public com.util.ResponseObject com.controller.ProductCategoryController.add(javax.servlet.http.HttpServletRequest,javax.servlet.http.HttpServletResponse,com.entity.ProductCategory,org.springframework.validation.BindingResult)
2019-06-03 14:15:36.681  INFO 4460 --- [main] s.w.s.m.m.a.RequestMappingHandlerMapping : Mapped "{[/ops/productcategory/update],methods=[POST]}" onto public com.util.ResponseObject com.controller.ProductCategoryController.update(javax.servlet.http.HttpServletRequest,javax.servlet.http.HttpServletResponse,com.entity.ProductCategory)
2019-06-03 14:15:36.681  INFO 4460 --- [main] s.w.s.m.m.a.RequestMappingHandlerMapping : Mapped "{[/ops/productcategory/find],methods=[POST]}" onto public com.util.ResponseObject com.controller.ProductCategoryController.find(javax.servlet.http.HttpServletRequest,javax.servlet.http.HttpServletResponse,int)
2019-06-03 14:15:36.685  INFO 4460 --- [main] s.w.s.m.m.a.RequestMappingHandlerMapping : Mapped "{[/ops/product/add],methods=[POST]}" onto public com.util.ResponseObject com.controller.ProductController.add(javax.servlet.http.HttpServletRequest,javax.servlet.http.HttpServletResponse,java.math.BigDecimal[],java.lang.String[],com.entity.Product,org.springframework.validation.BindingResult)
2019-06-03 14:15:36.685  INFO 4460 --- [main] s.w.s.m.m.a.RequestMappingHandlerMapping : Mapped "{[/ops/product/update],methods=[POST]}" onto public com.util.ResponseObject com.controller.ProductController.update(javax.servlet.http.HttpServletRequest,javax.servlet.http.HttpServletResponse,com.entity.Product)
2019-06-03 14:15:36.685  INFO 4460 --- [main] s.w.s.m.m.a.RequestMappingHandlerMapping : Mapped "{[/ops/product/find],methods=[POST]}" onto public com.util.ResponseObject com.controller.ProductController.find(javax.servlet.http.HttpServletRequest,javax.servlet.http.HttpServletResponse,int,java.lang.Integer)
2019-06-03 14:15:36.685  INFO 4460 --- [main] s.w.s.m.m.a.RequestMappingHandlerMapping : Mapped "{[/ops/product/adda],methods=[POST]}" onto public com.util.ResponseObject com.controller.ProductController.adda(javax.servlet.http.HttpServletRequest,javax.servlet.http.HttpServletResponse,int,java.math.BigDecimal,java.lang.String)
2019-06-03 14:15:36.685  INFO 4460 --- [main] s.w.s.m.m.a.RequestMappingHandlerMapping : Mapped "{[/ops/product/removea],methods=[POST]}" onto public com.util.ResponseObject com.controller.ProductController.removea(javax.servlet.http.HttpServletRequest,javax.servlet.http.HttpServletResponse,int)
2019-06-03 14:15:36.685  INFO 4460 --- [main] s.w.s.m.m.a.RequestMappingHandlerMapping : Mapped "{[/ops/runorders/add],methods=[POST]}" onto public com.util.ResponseObject com.controller.RunOrdersController.add(javax.servlet.http.HttpServletRequest,javax.servlet.http.HttpServletResponse,com.entity.RunOrders,org.springframework.validation.BindingResult)
2019-06-03 14:15:36.685  INFO 4460 --- [main] s.w.s.m.m.a.RequestMappingHandlerMapping : Mapped "{[/ops/runorders/cancel],methods=[POST]}" onto public com.util.ResponseObject com.controller.RunOrdersController.find(javax.servlet.http.HttpServletRequest,javax.servlet.http.HttpServletResponse,java.lang.String)
2019-06-03 14:15:36.685  INFO 4460 --- [main] s.w.s.m.m.a.RequestMappingHandlerMapping : Mapped "{[/ops/runorders/find],methods=[POST]}" onto public com.util.ResponseObject com.controller.RunOrdersController.find(javax.servlet.http.HttpServletRequest,javax.servlet.http.HttpServletResponse,com.entity.RunOrders)
2019-06-03 14:15:36.685  INFO 4460 --- [main] s.w.s.m.m.a.RequestMappingHandlerMapping : Mapped "{[/ops/runorders/pay],methods=[POST]}" onto public com.util.ResponseObject com.controller.RunOrdersController.pay(javax.servlet.http.HttpServletRequest,javax.servlet.http.HttpServletResponse,java.lang.String,java.lang.String)
2019-06-03 14:15:36.685  INFO 4460 --- [main] s.w.s.m.m.a.RequestMappingHandlerMapping : Mapped "{[/ops/school/find],methods=[POST]}" onto public com.util.ResponseObject com.controller.SchoolController.add(javax.servlet.http.HttpServletRequest,javax.servlet.http.HttpServletResponse,com.entity.School)
2019-06-03 14:15:36.689  INFO 4460 --- [main] s.w.s.m.m.a.RequestMappingHandlerMapping : Mapped "{[/ops/school/add],methods=[POST]}" onto public com.util.ResponseObject com.controller.SchoolController.add(javax.servlet.http.HttpServletRequest,javax.servlet.http.HttpServletResponse,com.entity.School,org.springframework.validation.BindingResult)
2019-06-03 14:15:36.689  INFO 4460 --- [main] s.w.s.m.m.a.RequestMappingHandlerMapping : Mapped "{[/ops/school/update],methods=[POST]}" onto public com.util.ResponseObject com.controller.SchoolController.update(javax.servlet.http.HttpServletRequest,javax.servlet.http.HttpServletResponse,com.entity.School)
2019-06-03 14:15:36.689  INFO 4460 --- [main] s.w.s.m.m.a.RequestMappingHandlerMapping : Mapped "{[/ops/school/tx],methods=[POST]}" onto public com.util.ResponseObject com.controller.SchoolController.tx(javax.servlet.http.HttpServletRequest,javax.servlet.http.HttpServletResponse,java.lang.String,int,java.math.BigDecimal,java.lang.String)
2019-06-03 14:15:36.689  INFO 4460 --- [main] s.w.s.m.m.a.RequestMappingHandlerMapping : Mapped "{[/ops/school/extra_send_price],methods=[POST]}" onto public java.math.BigDecimal com.controller.SchoolController.extra_send_price(javax.servlet.http.HttpServletRequest,javax.servlet.http.HttpServletResponse,int,java.lang.String,java.lang.String)
2019-06-03 14:15:36.689  INFO 4460 --- [main] s.w.s.m.m.a.RequestMappingHandlerMapping : Mapped "{[/ops/school/login],methods=[POST]}" onto public com.util.ResponseObject com.controller.SchoolController.login(javax.servlet.http.HttpServletRequest,javax.servlet.http.HttpServletResponse,java.lang.String,java.lang.String,int)
2019-06-03 14:15:36.689  INFO 4460 --- [main] s.w.s.m.m.a.RequestMappingHandlerMapping : Mapped "{[/ops/school/getcode],methods=[POST]}" onto public com.util.ResponseObject com.controller.SchoolController.getcode(javax.servlet.http.HttpServletRequest,javax.servlet.http.HttpServletResponse,int)
2019-06-03 14:15:36.689  INFO 4460 --- [main] s.w.s.m.m.a.RequestMappingHandlerMapping : Mapped "{[/ops/secondhand/add],methods=[POST]}" onto public com.util.ResponseObject com.controller.SecondHandController.add(javax.servlet.http.HttpServletRequest,javax.servlet.http.HttpServletResponse,com.entity.SecondHand,org.springframework.validation.BindingResult)
2019-06-03 14:15:36.689  INFO 4460 --- [main] s.w.s.m.m.a.RequestMappingHandlerMapping : Mapped "{[/ops/secondhand/update],methods=[POST]}" onto public com.util.ResponseObject com.controller.SecondHandController.update(javax.servlet.http.HttpServletRequest,javax.servlet.http.HttpServletResponse,com.entity.SecondHand)
2019-06-03 14:15:36.689  INFO 4460 --- [main] s.w.s.m.m.a.RequestMappingHandlerMapping : Mapped "{[/ops/secondhand/find],methods=[POST]}" onto public com.util.ResponseObject com.controller.SecondHandController.find(javax.servlet.http.HttpServletRequest,javax.servlet.http.HttpServletResponse,com.entity.SecondHand)
2019-06-03 14:15:36.689  INFO 4460 --- [main] s.w.s.m.m.a.RequestMappingHandlerMapping : Mapped "{[/ops/sender/add],methods=[POST]}" onto public com.util.ResponseObject com.controller.SenderController.add(javax.servlet.http.HttpServletRequest,javax.servlet.http.HttpServletResponse,com.entity.Sender,org.springframework.validation.BindingResult)
2019-06-03 14:15:36.689  INFO 4460 --- [main] s.w.s.m.m.a.RequestMappingHandlerMapping : Mapped "{[/ops/sender/update],methods=[POST]}" onto public com.util.ResponseObject com.controller.SenderController.update(javax.servlet.http.HttpServletRequest,javax.servlet.http.HttpServletResponse,com.entity.Sender)
2019-06-03 14:15:36.693  INFO 4460 --- [main] s.w.s.m.m.a.RequestMappingHandlerMapping : Mapped "{[/ops/sender/find],methods=[POST]}" onto public com.util.ResponseObject com.controller.SenderController.find(javax.servlet.http.HttpServletRequest,javax.servlet.http.HttpServletResponse,com.entity.Sender)
2019-06-03 14:15:36.693  INFO 4460 --- [main] s.w.s.m.m.a.RequestMappingHandlerMapping : Mapped "{[/ops/sender/nocheck/senderacceptrun],methods=[POST]}" onto public com.util.ResponseObject com.controller.SenderController.senderacceptrun(javax.servlet.http.HttpServletRequest,javax.servlet.http.HttpServletResponse,int,java.lang.String)
2019-06-03 14:15:36.693  INFO 4460 --- [main] s.w.s.m.m.a.RequestMappingHandlerMapping : Mapped "{[/ops/sender/nocheck/senderstatistics],methods=[POST]}" onto public com.util.ResponseObject com.controller.SenderController.senderstatistics(javax.servlet.http.HttpServletRequest,javax.servlet.http.HttpServletResponse,java.lang.Integer,java.lang.String,java.lang.String)
2019-06-03 14:15:36.693  INFO 4460 --- [main] s.w.s.m.m.a.RequestMappingHandlerMapping : Mapped "{[/ops/sender/finddsh],methods=[POST]}" onto public com.util.ResponseObject com.controller.SenderController.finddsh(javax.servlet.http.HttpServletRequest,javax.servlet.http.HttpServletResponse,int)
2019-06-03 14:15:36.693  INFO 4460 --- [main] s.w.s.m.m.a.RequestMappingHandlerMapping : Mapped "{[/ops/sender/sendertx],methods=[POST]}" onto public com.util.ResponseObject com.controller.SenderController.sendertx(javax.servlet.http.HttpServletRequest,javax.servlet.http.HttpServletResponse,java.math.BigDecimal,java.lang.String)
2019-06-03 14:15:36.693  INFO 4460 --- [main] s.w.s.m.m.a.RequestMappingHandlerMapping : Mapped "{[/ops/sender/nocheck/senderget],methods=[POST]}" onto public com.util.ResponseObject com.controller.SenderController.senderget(javax.servlet.http.HttpServletRequest,javax.servlet.http.HttpServletResponse,java.lang.String)
2019-06-03 14:15:36.693  INFO 4460 --- [main] s.w.s.m.m.a.RequestMappingHandlerMapping : Mapped "{[/ops/sender/nocheck/senderendrun],methods=[POST]}" onto public com.util.ResponseObject com.controller.SenderController.senderend(javax.servlet.http.HttpServletRequest,javax.servlet.http.HttpServletResponse,java.lang.String)
2019-06-03 14:15:36.693  INFO 4460 --- [main] s.w.s.m.m.a.RequestMappingHandlerMapping : Mapped "{[/ops/sender/nocheck/senderend],methods=[POST]}" onto public com.util.ResponseObject com.controller.SenderController.senderend(javax.servlet.http.HttpServletRequest,javax.servlet.http.HttpServletResponse,java.lang.String,boolean,int)
2019-06-03 14:15:36.693  INFO 4460 --- [main] s.w.s.m.m.a.RequestMappingHandlerMapping : Mapped "{[/ops/sender/sendertx2],methods=[POST]}" onto public com.util.ResponseObject com.controller.SenderController.sendertx2(javax.servlet.http.HttpServletRequest,javax.servlet.http.HttpServletResponse,java.lang.String,java.lang.String)
2019-06-03 14:15:36.693  INFO 4460 --- [main] s.w.s.m.m.a.RequestMappingHandlerMapping : Mapped "{[/ops/sender/nocheck/findorderbyrun],methods=[POST]}" onto public com.util.ResponseObject com.controller.SenderController.findorderbyrun(javax.servlet.http.HttpServletRequest,javax.servlet.http.HttpServletResponse,int,int,int,java.lang.String)
2019-06-03 14:15:36.693  INFO 4460 --- [main] s.w.s.m.m.a.RequestMappingHandlerMapping : Mapped "{[/ops/sender/nocheck/findorderbytakeout],methods=[POST]}" onto public com.util.ResponseObject com.controller.SenderController.findorderbydjs(javax.servlet.http.HttpServletRequest,javax.servlet.http.HttpServletResponse,int,int,int,java.lang.String)
2019-06-03 14:15:36.693  INFO 4460 --- [main] s.w.s.m.m.a.RequestMappingHandlerMapping : Mapped "{[/ops/sender/nocheck/senderaccept],methods=[POST]}" onto public com.util.ResponseObject com.controller.SenderController.senderaccept(javax.servlet.http.HttpServletRequest,javax.servlet.http.HttpServletResponse,int,java.lang.String)
2019-06-03 14:15:36.693  INFO 4460 --- [main] s.w.s.m.m.a.RequestMappingHandlerMapping : Mapped "{[/ops/sender/nocheck/findbyphone],methods=[POST]}" onto public com.util.ResponseObject com.controller.SenderController.findbyphone(javax.servlet.http.HttpServletRequest,javax.servlet.http.HttpServletResponse,java.lang.String)
2019-06-03 14:15:36.693  INFO 4460 --- [main] s.w.s.m.m.a.RequestMappingHandlerMapping : Mapped "{[/ops/shopcategory/add],methods=[POST]}" onto public com.util.ResponseObject com.controller.ShopCategoryController.add(javax.servlet.http.HttpServletRequest,javax.servlet.http.HttpServletResponse,com.entity.ShopCategory,org.springframework.validation.BindingResult)
2019-06-03 14:15:36.693  INFO 4460 --- [main] s.w.s.m.m.a.RequestMappingHandlerMapping : Mapped "{[/ops/shopcategory/update],methods=[POST]}" onto public com.util.ResponseObject com.controller.ShopCategoryController.update(javax.servlet.http.HttpServletRequest,javax.servlet.http.HttpServletResponse,com.entity.ShopCategory)
2019-06-03 14:15:36.693  INFO 4460 --- [main] s.w.s.m.m.a.RequestMappingHandlerMapping : Mapped "{[/ops/shopcategory/find],methods=[POST]}" onto public com.util.ResponseObject com.controller.ShopCategoryController.find(javax.servlet.http.HttpServletRequest,javax.servlet.http.HttpServletResponse,com.entity.ShopCategory)
2019-06-03 14:15:36.697  INFO 4460 --- [main] s.w.s.m.m.a.RequestMappingHandlerMapping : Mapped "{[/ops/shop/find]}" onto public com.util.ResponseObject com.controller.ShopController.add(javax.servlet.http.HttpServletRequest,javax.servlet.http.HttpServletResponse,com.entity.Shop)
2019-06-03 14:15:36.697  INFO 4460 --- [main] s.w.s.m.m.a.RequestMappingHandlerMapping : Mapped "{[/ops/shop/add],methods=[POST]}" onto public com.util.ResponseObject com.controller.ShopController.add(javax.servlet.http.HttpServletRequest,javax.servlet.http.HttpServletResponse,com.entity.Shop,org.springframework.validation.BindingResult)
2019-06-03 14:15:36.697  INFO 4460 --- [main] s.w.s.m.m.a.RequestMappingHandlerMapping : Mapped "{[/ops/shop/update],methods=[POST]}" onto public com.util.ResponseObject com.controller.ShopController.update(javax.servlet.http.HttpServletRequest,javax.servlet.http.HttpServletResponse,com.entity.Shop)
2019-06-03 14:15:36.697  INFO 4460 --- [main] s.w.s.m.m.a.RequestMappingHandlerMapping : Mapped "{[/ops/shop/nocheck/shoptempstatistics],methods=[POST]}" onto public com.util.ResponseObject com.controller.ShopController.shoptempstatistics(javax.servlet.http.HttpServletRequest,javax.servlet.http.HttpServletResponse,java.lang.Integer,java.lang.String,java.lang.String)
2019-06-03 14:15:36.697  INFO 4460 --- [main] s.w.s.m.m.a.RequestMappingHandlerMapping : Mapped "{[/ops/shop/delete_fullcut],methods=[POST]}" onto public com.util.ResponseObject com.controller.ShopController.add_fullcut(javax.servlet.http.HttpServletRequest,javax.servlet.http.HttpServletResponse,int)
2019-06-03 14:15:36.697  INFO 4460 --- [main] s.w.s.m.m.a.RequestMappingHandlerMapping : Mapped "{[/ops/shop/add_fullcut],methods=[POST]}" onto public com.util.ResponseObject com.controller.ShopController.add_fullcut(javax.servlet.http.HttpServletRequest,javax.servlet.http.HttpServletResponse,com.entity.FullCut,org.springframework.validation.BindingResult)
2019-06-03 14:15:36.697  INFO 4460 --- [main] s.w.s.m.m.a.RequestMappingHandlerMapping : Mapped "{[/ops/shop/android/openorclose],methods=[POST]}" onto public java.lang.String com.controller.ShopController.openorclose(javax.servlet.http.HttpServletRequest,javax.servlet.http.HttpServletResponse,java.lang.Integer)
2019-06-03 14:15:36.697  INFO 4460 --- [main] s.w.s.m.m.a.RequestMappingHandlerMapping : Mapped "{[/ops/shop/nocheck/shopstatistics],methods=[POST]}" onto public com.util.ResponseObject com.controller.ShopController.shopstatistics(javax.servlet.http.HttpServletRequest,javax.servlet.http.HttpServletResponse,java.lang.Integer,java.lang.String,java.lang.String)
2019-06-03 14:15:36.697  INFO 4460 --- [main] s.w.s.m.m.a.RequestMappingHandlerMapping : Mapped "{[/ops/shop/find_fullcut],methods=[POST]}" onto public com.util.ResponseObject com.controller.ShopController.find_fullcut(javax.servlet.http.HttpServletRequest,javax.servlet.http.HttpServletResponse,int)
2019-06-03 14:15:36.697  INFO 4460 --- [main] s.w.s.m.m.a.RequestMappingHandlerMapping : Mapped "{[/ops/shop/delete/deleteopenTime],methods=[POST]}" onto public com.util.ResponseObject com.controller.ShopController.deleteopenTime(javax.servlet.http.HttpServletRequest,javax.servlet.http.HttpServletResponse,int)
2019-06-03 14:15:36.697  INFO 4460 --- [main] s.w.s.m.m.a.RequestMappingHandlerMapping : Mapped "{[/ops/shop/barcode],methods=[POST]}" onto public com.util.ResponseObject com.controller.ShopController.barcode(javax.servlet.http.HttpServletRequest,javax.servlet.http.HttpServletResponse,int)
2019-06-03 14:15:36.697  INFO 4460 --- [main] s.w.s.m.m.a.RequestMappingHandlerMapping : Mapped "{[/ops/shop/find/openTime],methods=[POST]}" onto public com.util.ResponseObject com.controller.ShopController.openTime(javax.servlet.http.HttpServletRequest,javax.servlet.http.HttpServletResponse,int)
2019-06-03 14:15:36.697  INFO 4460 --- [main] s.w.s.m.m.a.RequestMappingHandlerMapping : Mapped "{[/ops/shop/add/openTime],methods=[POST]}" onto public com.util.ResponseObject com.controller.ShopController.openTime(javax.servlet.http.HttpServletRequest,javax.servlet.http.HttpServletResponse,com.entity.ShopOpenTime,org.springframework.validation.BindingResult)
2019-06-03 14:15:36.697  INFO 4460 --- [main] s.w.s.m.m.a.RequestMappingHandlerMapping : Mapped "{[/ops/shop/android/login],methods=[POST]}" onto public com.util.ResponseObject com.controller.ShopController.android_login(javax.servlet.http.HttpServletRequest,javax.servlet.http.HttpServletResponse,java.lang.String,java.lang.String)
2019-06-03 14:15:36.697  INFO 4460 --- [main] s.w.s.m.m.a.RequestMappingHandlerMapping : Mapped "{[/ops/sign/add],methods=[POST]}" onto public com.util.ResponseObject com.controller.SignController.add(javax.servlet.http.HttpServletRequest,javax.servlet.http.HttpServletResponse,java.lang.String)
2019-06-03 14:15:36.697  INFO 4460 --- [main] s.w.s.m.m.a.RequestMappingHandlerMapping : Mapped "{[/ops/slide/add],methods=[POST]}" onto public com.util.ResponseObject com.controller.SlideController.add(javax.servlet.http.HttpServletRequest,javax.servlet.http.HttpServletResponse,com.entity.Slide,org.springframework.validation.BindingResult)
2019-06-03 14:15:36.697  INFO 4460 --- [main] s.w.s.m.m.a.RequestMappingHandlerMapping : Mapped "{[/ops/slide/update],methods=[POST]}" onto public com.util.ResponseObject com.controller.SlideController.update(javax.servlet.http.HttpServletRequest,javax.servlet.http.HttpServletResponse,com.entity.Slide)
2019-06-03 14:15:36.697  INFO 4460 --- [main] s.w.s.m.m.a.RequestMappingHandlerMapping : Mapped "{[/ops/slide/find],methods=[POST]}" onto public com.util.ResponseObject com.controller.SlideController.find(javax.servlet.http.HttpServletRequest,javax.servlet.http.HttpServletResponse,int)
2019-06-03 14:15:36.701  INFO 4460 --- [main] s.w.s.m.m.a.RequestMappingHandlerMapping : Mapped "{[/ops/source/order/add],methods=[POST]}" onto public com.util.ResponseObject com.controller.SourceOrderController.add(javax.servlet.http.HttpServletRequest,javax.servlet.http.HttpServletResponse,java.lang.Integer,com.entity.SourceOrder,org.springframework.validation.BindingResult) throws org.json.JSONException,com.github.qcloudsms.httpclient.HTTPException,java.io.IOException
2019-06-03 14:15:36.701  INFO 4460 --- [main] s.w.s.m.m.a.RequestMappingHandlerMapping : Mapped "{[/ops/source/order/update],methods=[POST]}" onto public com.util.ResponseObject com.controller.SourceOrderController.update(javax.servlet.http.HttpServletRequest,javax.servlet.http.HttpServletResponse,com.entity.SourceOrder)
2019-06-03 14:15:36.701  INFO 4460 --- [main] s.w.s.m.m.a.RequestMappingHandlerMapping : Mapped "{[/ops/source/order/find],methods=[POST]}" onto public com.util.ResponseObject com.controller.SourceOrderController.find(javax.servlet.http.HttpServletRequest,javax.servlet.http.HttpServletResponse,com.entity.SourceOrder)
2019-06-03 14:15:36.701  INFO 4460 --- [main] s.w.s.m.m.a.RequestMappingHandlerMapping : Mapped "{[/ops/source/product/add],methods=[POST]}" onto public com.util.ResponseObject com.controller.SourceProductController.add(javax.servlet.http.HttpServletRequest,javax.servlet.http.HttpServletResponse,com.entity.SourceProduct,org.springframework.validation.BindingResult)
2019-06-03 14:15:36.701  INFO 4460 --- [main] s.w.s.m.m.a.RequestMappingHandlerMapping : Mapped "{[/ops/source/product/update],methods=[POST]}" onto public com.util.ResponseObject com.controller.SourceProductController.update(javax.servlet.http.HttpServletRequest,javax.servlet.http.HttpServletResponse,com.entity.SourceProduct)
2019-06-03 14:15:36.701  INFO 4460 --- [main] s.w.s.m.m.a.RequestMappingHandlerMapping : Mapped "{[/ops/source/product/find],methods=[POST]}" onto public com.util.ResponseObject com.controller.SourceProductController.find(javax.servlet.http.HttpServletRequest,javax.servlet.http.HttpServletResponse,com.entity.SourceProduct)
2019-06-03 14:15:36.701  INFO 4460 --- [main] s.w.s.m.m.a.RequestMappingHandlerMapping : Mapped "{[/test],methods=[GET]}" onto public void com.controller.Test.test()
2019-06-03 14:15:36.701  INFO 4460 --- [main] s.w.s.m.m.a.RequestMappingHandlerMapping : Mapped "{[/ops/txlog/find],methods=[POST]}" onto public com.util.ResponseObject com.controller.TxLogController.find(java.lang.String,java.lang.String,int,int)
2019-06-03 14:15:36.701  INFO 4460 --- [main] s.w.s.m.m.a.RequestMappingHandlerMapping : Mapped "{[/ops/user/wx/update],methods=[POST]}" onto public com.util.ResponseObject com.controller.WxUserController.update(javax.servlet.http.HttpServletRequest,javax.servlet.http.HttpServletResponse,com.entity.WxUser)
2019-06-03 14:15:36.701  INFO 4460 --- [main] s.w.s.m.m.a.RequestMappingHandlerMapping : Mapped "{[/ops/user/find],methods=[POST]}" onto public com.util.ResponseObject com.controller.WxUserController.find(javax.servlet.http.HttpServletRequest,javax.servlet.http.HttpServletResponse,com.entity.WxUser)
2019-06-03 14:15:36.701  INFO 4460 --- [main] s.w.s.m.m.a.RequestMappingHandlerMapping : Mapped "{[/ops/user/bind],methods=[POST]}" onto public com.util.ResponseObject com.controller.WxUserController.bind(javax.servlet.http.HttpServletRequest,javax.servlet.http.HttpServletResponse,java.lang.String,java.lang.String)
2019-06-03 14:15:36.701  INFO 4460 --- [main] s.w.s.m.m.a.RequestMappingHandlerMapping : Mapped "{[/ops/user/wx/check/gz],methods=[GET]}" onto public com.util.ResponseObject com.controller.WxUserController.checkgz(javax.servlet.http.HttpServletRequest,javax.servlet.http.HttpServletResponse,java.lang.String)
2019-06-03 14:15:36.701  INFO 4460 --- [main] s.w.s.m.m.a.RequestMappingHandlerMapping : Mapped "{[/ops/user/wx/get/bell],methods=[GET]}" onto public com.util.ResponseObject com.controller.WxUserController.getBell(javax.servlet.http.HttpServletRequest,javax.servlet.http.HttpServletResponse,java.lang.String)
2019-06-03 14:15:36.701  INFO 4460 --- [main] s.w.s.m.m.a.RequestMappingHandlerMapping : Mapped "{[/ops/user/charges],methods=[POST]}" onto public com.util.ResponseObject com.controller.WxUserController.charges(javax.servlet.http.HttpServletRequest,javax.servlet.http.HttpServletResponse,int)
2019-06-03 14:15:36.701  INFO 4460 --- [main] s.w.s.m.m.a.RequestMappingHandlerMapping : Mapped "{[/ops/user/findcharges],methods=[POST]}" onto public com.util.ResponseObject com.controller.WxUserController.charges(javax.servlet.http.HttpServletRequest,javax.servlet.http.HttpServletResponse,java.lang.String)
2019-06-03 14:15:36.705  INFO 4460 --- [main] s.w.s.m.m.a.RequestMappingHandlerMapping : Mapped "{[/ops/user/wx/login],methods=[POST]}" onto public com.util.ResponseObject com.controller.WxUserController.login(javax.servlet.http.HttpServletRequest,javax.servlet.http.HttpServletResponse,java.lang.String,java.lang.Integer)
2019-06-03 14:15:36.705  INFO 4460 --- [main] s.w.s.m.m.a.RequestMappingHandlerMapping : Mapped "{[/ops/user/getcode],methods=[POST]}" onto public com.util.ResponseObject com.controller.WxUserController.getcode(javax.servlet.http.HttpServletRequest,javax.servlet.http.HttpServletResponse,java.lang.String)
2019-06-03 14:15:36.705  INFO 4460 --- [main] s.w.s.m.m.a.RequestMappingHandlerMapping : Mapped "{[/swagger-resources/configuration/security]}" onto public org.springframework.http.ResponseEntity<springfox.documentation.swagger.web.SecurityConfiguration> springfox.documentation.swagger.web.ApiResourceController.securityConfiguration()
2019-06-03 14:15:36.709  INFO 4460 --- [main] s.w.s.m.m.a.RequestMappingHandlerMapping : Mapped "{[/swagger-resources/configuration/ui]}" onto public org.springframework.http.ResponseEntity<springfox.documentation.swagger.web.UiConfiguration> springfox.documentation.swagger.web.ApiResourceController.uiConfiguration()
2019-06-03 14:15:36.709  INFO 4460 --- [main] s.w.s.m.m.a.RequestMappingHandlerMapping : Mapped "{[/swagger-resources]}" onto public org.springframework.http.ResponseEntity<java.util.List<springfox.documentation.swagger.web.SwaggerResource>> springfox.documentation.swagger.web.ApiResourceController.swaggerResources()
2019-06-03 14:15:36.709  INFO 4460 --- [main] s.w.s.m.m.a.RequestMappingHandlerMapping : Mapped "{[/error]}" onto public org.springframework.http.ResponseEntity<java.util.Map<java.lang.String, java.lang.Object>> org.springframework.boot.autoconfigure.web.servlet.error.BasicErrorController.error(javax.servlet.http.HttpServletRequest)
2019-06-03 14:15:36.709  INFO 4460 --- [main] s.w.s.m.m.a.RequestMappingHandlerMapping : Mapped "{[/error],produces=[text/html]}" onto public org.springframework.web.servlet.ModelAndView org.springframework.boot.autoconfigure.web.servlet.error.BasicErrorController.errorHtml(javax.servlet.http.HttpServletRequest,javax.servlet.http.HttpServletResponse)
2019-06-03 14:15:36.829  INFO 4460 --- [main] pertySourcedRequestMappingHandlerMapping : Mapped URL path [/v2/api-docs] onto method [public org.springframework.http.ResponseEntity<springfox.documentation.spring.web.json.Json> springfox.documentation.swagger2.web.Swagger2Controller.getDocumentation(java.lang.String,javax.servlet.http.HttpServletRequest)]
2019-06-03 14:15:37.184  WARN 4460 --- [main] c.n.c.sources.URLConfigurationSource     : No URLs will be polled as dynamic configuration sources.
2019-06-03 14:15:37.184  INFO 4460 --- [main] c.n.c.sources.URLConfigurationSource     : To enable URLs as dynamic configuration sources, define System property archaius.configurationSource.additionalUrls or make config.properties available on classpath.
2019-06-03 14:15:37.188  WARN 4460 --- [main] c.n.c.sources.URLConfigurationSource     : No URLs will be polled as dynamic configuration sources.
2019-06-03 14:15:37.188  INFO 4460 --- [main] c.n.c.sources.URLConfigurationSource     : To enable URLs as dynamic configuration sources, define System property archaius.configurationSource.additionalUrls or make config.properties available on classpath.
2019-06-03 14:15:37.260  INFO 4460 --- [main] o.s.w.s.handler.SimpleUrlHandlerMapping  : Mapped URL path [/**/favicon.ico] onto handler of type [class org.springframework.web.servlet.resource.ResourceHttpRequestHandler]
2019-06-03 14:15:37.408  INFO 4460 --- [main] s.w.s.m.m.a.RequestMappingHandlerAdapter : Looking for @ControllerAdvice: org.springframework.boot.web.servlet.context.AnnotationConfigServletWebServerApplicationContext@147a5d08: startup date [Mon Jun 03 14:15:28 CST 2019]; parent: org.springframework.context.annotation.AnnotationConfigApplicationContext@351d00c0
2019-06-03 14:15:37.416  INFO 4460 --- [main] s.w.s.m.m.a.RequestMappingHandlerAdapter : Detected ResponseBodyAdvice bean in JSONPResponseBodyAdvice
2019-06-03 14:15:37.416  INFO 4460 --- [main] s.w.s.m.m.a.RequestMappingHandlerAdapter : Detected ResponseBodyAdvice bean in fastJsonpResponseBodyAdvice
2019-06-03 14:15:37.416  INFO 4460 --- [main] s.w.s.m.m.a.RequestMappingHandlerAdapter : Detected ResponseBodyAdvice bean in fastJsonViewResponseBodyAdvice
2019-06-03 14:15:37.464  INFO 4460 --- [main] o.s.w.s.handler.SimpleUrlHandlerMapping  : Mapped URL path [/webjars/**] onto handler of type [class org.springframework.web.servlet.resource.ResourceHttpRequestHandler]
2019-06-03 14:15:37.464  INFO 4460 --- [main] o.s.w.s.handler.SimpleUrlHandlerMapping  : Mapped URL path [/**] onto handler of type [class org.springframework.web.servlet.resource.ResourceHttpRequestHandler]
2019-06-03 14:15:37.480  INFO 4460 --- [main] .m.m.a.ExceptionHandlerExceptionResolver : Detected ResponseBodyAdvice implementation in JSONPResponseBodyAdvice
2019-06-03 14:15:37.480  INFO 4460 --- [main] .m.m.a.ExceptionHandlerExceptionResolver : Detected ResponseBodyAdvice implementation in fastJsonpResponseBodyAdvice
2019-06-03 14:15:37.480  INFO 4460 --- [main] .m.m.a.ExceptionHandlerExceptionResolver : Detected @ExceptionHandler methods in exceptionHandler
2019-06-03 14:15:37.480  INFO 4460 --- [main] .m.m.a.ExceptionHandlerExceptionResolver : Detected ResponseBodyAdvice implementation in fastJsonViewResponseBodyAdvice
2019-06-03 14:15:39.146  INFO 4460 --- [main] o.s.cloud.commons.util.InetUtils         : Cannot determine local hostname
2019-06-03 14:15:40.385  INFO 4460 --- [main] o.s.cloud.commons.util.InetUtils         : Cannot determine local hostname
2019-06-03 14:15:40.505  INFO 4460 --- [main] o.s.j.e.a.AnnotationMBeanExporter        : Registering beans for JMX exposure on startup
2019-06-03 14:15:40.505  INFO 4460 --- [main] o.s.j.e.a.AnnotationMBeanExporter        : Bean with name 'druidDataSource' has been autodetected for JMX exposure
2019-06-03 14:15:40.517  INFO 4460 --- [main] o.s.j.e.a.AnnotationMBeanExporter        : Bean with name 'refreshScope' has been autodetected for JMX exposure
2019-06-03 14:15:40.517  INFO 4460 --- [main] o.s.j.e.a.AnnotationMBeanExporter        : Bean with name 'configurationPropertiesRebinder' has been autodetected for JMX exposure
2019-06-03 14:15:40.517  INFO 4460 --- [main] o.s.j.e.a.AnnotationMBeanExporter        : Bean with name 'environmentManager' has been autodetected for JMX exposure
2019-06-03 14:15:40.521  INFO 4460 --- [main] o.s.j.e.a.AnnotationMBeanExporter        : Located managed bean 'environmentManager': registering with JMX server as MBean [org.springframework.cloud.context.environment:name=environmentManager,type=EnvironmentManager]
2019-06-03 14:15:40.541  INFO 4460 --- [main] o.s.j.e.a.AnnotationMBeanExporter        : Located managed bean 'refreshScope': registering with JMX server as MBean [org.springframework.cloud.context.scope.refresh:name=refreshScope,type=RefreshScope]
2019-06-03 14:15:40.553  INFO 4460 --- [main] o.s.j.e.a.AnnotationMBeanExporter        : Located managed bean 'configurationPropertiesRebinder': registering with JMX server as MBean [org.springframework.cloud.context.properties:name=configurationPropertiesRebinder,context=147a5d08,type=ConfigurationPropertiesRebinder]
2019-06-03 14:15:40.557  INFO 4460 --- [main] o.s.j.e.a.AnnotationMBeanExporter        : Located MBean 'druidDataSource': registering with JMX server as MBean [com.alibaba.druid.pool:name=druidDataSource,type=DruidDataSource]
2019-06-03 14:15:40.565  INFO 4460 --- [main] o.s.c.support.DefaultLifecycleProcessor  : Starting beans in phase 0
2019-06-03 14:15:40.577  INFO 4460 --- [main] o.s.c.n.eureka.InstanceInfoFactory       : Setting initial instance status as: STARTING
2019-06-03 14:15:40.805  INFO 4460 --- [main] com.netflix.discovery.DiscoveryClient    : Initializing Eureka in region us-east-1
2019-06-03 14:15:41.192  INFO 4460 --- [main] c.n.d.provider.DiscoveryJerseyProvider   : Using JSON encoding codec LegacyJacksonJson
2019-06-03 14:15:41.192  INFO 4460 --- [main] c.n.d.provider.DiscoveryJerseyProvider   : Using JSON decoding codec LegacyJacksonJson
2019-06-03 14:15:41.336  INFO 4460 --- [main] c.n.d.provider.DiscoveryJerseyProvider   : Using XML encoding codec XStreamXml
2019-06-03 14:15:41.336  INFO 4460 --- [main] c.n.d.provider.DiscoveryJerseyProvider   : Using XML decoding codec XStreamXml
2019-06-03 14:15:41.544  INFO 4460 --- [main] c.n.d.s.r.aws.ConfigClusterResolver      : Resolving eureka endpoints via configuration
2019-06-03 14:15:41.692  INFO 4460 --- [main] com.netflix.discovery.DiscoveryClient    : Disable delta property : false
2019-06-03 14:15:41.692  INFO 4460 --- [main] com.netflix.discovery.DiscoveryClient    : Single vip registry refresh property : null
2019-06-03 14:15:41.692  INFO 4460 --- [main] com.netflix.discovery.DiscoveryClient    : Force full registry fetch : false
2019-06-03 14:15:41.692  INFO 4460 --- [main] com.netflix.discovery.DiscoveryClient    : Application is null : false
2019-06-03 14:15:41.692  INFO 4460 --- [main] com.netflix.discovery.DiscoveryClient    : Registered Applications size is zero : true
2019-06-03 14:15:41.692  INFO 4460 --- [main] com.netflix.discovery.DiscoveryClient    : Application version is -1: true
2019-06-03 14:15:41.692  INFO 4460 --- [main] com.netflix.discovery.DiscoveryClient    : Getting all instance registry info from the eureka server
2019-06-03 14:15:41.908  INFO 4460 --- [main] com.netflix.discovery.DiscoveryClient    : The response status is 200
2019-06-03 14:15:41.912  INFO 4460 --- [main] com.netflix.discovery.DiscoveryClient    : Starting heartbeat executor: renew interval is: 1
2019-06-03 14:15:41.912  INFO 4460 --- [main] c.n.discovery.InstanceInfoReplicator     : InstanceInfoReplicator onDemand update allowed rate per min is 4
2019-06-03 14:15:41.916  INFO 4460 --- [main] com.netflix.discovery.DiscoveryClient    : Discovery Client initialized at timestamp 1559542541916 with initial instances count: 2
2019-06-03 14:15:41.920  INFO 4460 --- [main] o.s.c.n.e.s.EurekaServiceRegistry        : Registering application OPS with eureka with status UP
2019-06-03 14:15:41.924  INFO 4460 --- [main] com.netflix.discovery.DiscoveryClient    : Saw local status change event StatusChangeEvent [timestamp=1559542541924, current=UP, previous=STARTING]
2019-06-03 14:15:41.924  INFO 4460 --- [DiscoveryClient-InstanceInfoReplicator-0] com.netflix.discovery.DiscoveryClient    : DiscoveryClient_OPS/localhost:ops:11000: registering service...
2019-06-03 14:15:41.928  INFO 4460 --- [main] o.s.c.support.DefaultLifecycleProcessor  : Starting beans in phase 2147483647
2019-06-03 14:15:41.928  INFO 4460 --- [main] d.s.w.p.DocumentationPluginsBootstrapper : Context refreshed
2019-06-03 14:15:41.948  INFO 4460 --- [main] d.s.w.p.DocumentationPluginsBootstrapper : Found 1 custom documentation plugin(s)
2019-06-03 14:15:41.980  INFO 4460 --- [main] s.d.s.w.s.ApiListingReferenceScanner     : Scanning for api listing references
2019-06-03 14:15:41.980  INFO 4460 --- [DiscoveryClient-InstanceInfoReplicator-0] com.netflix.discovery.DiscoveryClient    : DiscoveryClient_OPS/localhost:ops:11000 - registration status: 204
2019-06-03 14:15:42.108  INFO 4460 --- [main] .d.s.w.r.o.CachingOperationNameGenerator : Generating unique operation named: versionUsingPOST_1
2019-06-03 14:15:42.128  INFO 4460 --- [main] .d.s.w.r.o.CachingOperationNameGenerator : Generating unique operation named: addUsingPOST_1
2019-06-03 14:15:42.132  INFO 4460 --- [main] .d.s.w.r.o.CachingOperationNameGenerator : Generating unique operation named: addUsingPOST_2
2019-06-03 14:15:42.132  INFO 4460 --- [main] .d.s.w.r.o.CachingOperationNameGenerator : Generating unique operation named: addUsingPOST_3
2019-06-03 14:15:42.132  INFO 4460 --- [main] .d.s.w.r.o.CachingOperationNameGenerator : Generating unique operation named: findUsingPOST_1
2019-06-03 14:15:42.140  INFO 4460 --- [main] .d.s.w.r.o.CachingOperationNameGenerator : Generating unique operation named: addUsingPOST_4
2019-06-03 14:15:42.140  INFO 4460 --- [main] .d.s.w.r.o.CachingOperationNameGenerator : Generating unique operation named: findUsingPOST_2
2019-06-03 14:15:42.144  INFO 4460 --- [main] .d.s.w.r.o.CachingOperationNameGenerator : Generating unique operation named: findUsingPOST_3
2019-06-03 14:15:42.148  INFO 4460 --- [main] .d.s.w.r.o.CachingOperationNameGenerator : Generating unique operation named: addUsingPOST_5
2019-06-03 14:15:42.148  INFO 4460 --- [main] .d.s.w.r.o.CachingOperationNameGenerator : Generating unique operation named: findUsingPOST_4
2019-06-03 14:15:42.152  INFO 4460 --- [main] .d.s.w.r.o.CachingOperationNameGenerator : Generating unique operation named: updateUsingPOST_1
2019-06-03 14:15:42.152  INFO 4460 --- [main] .d.s.w.r.o.CachingOperationNameGenerator : Generating unique operation named: addUsingPOST_6
2019-06-03 14:15:42.156  INFO 4460 --- [main] .d.s.w.r.o.CachingOperationNameGenerator : Generating unique operation named: addUsingPOST_7
2019-06-03 14:15:42.160  INFO 4460 --- [main] .d.s.w.r.o.CachingOperationNameGenerator : Generating unique operation named: findUsingPOST_5
2019-06-03 14:15:42.160  INFO 4460 --- [main] .d.s.w.r.o.CachingOperationNameGenerator : Generating unique operation named: updateUsingPOST_2
2019-06-03 14:15:42.160  WARN 4460 --- [main] s.d.s.w.r.p.ParameterDataTypeReader      : Trying to infer dataType java.lang.Integer[]
2019-06-03 14:15:42.164  WARN 4460 --- [main] s.d.s.w.r.p.ParameterDataTypeReader      : Trying to infer dataType java.lang.Integer[]
2019-06-03 14:15:42.164  WARN 4460 --- [main] s.d.s.w.r.p.ParameterDataTypeReader      : Trying to infer dataType java.lang.Integer[]
2019-06-03 14:15:42.176  INFO 4460 --- [main] .d.s.w.r.o.CachingOperationNameGenerator : Generating unique operation named: addUsingPOST_8
2019-06-03 14:15:42.180  INFO 4460 --- [main] .d.s.w.r.o.CachingOperationNameGenerator : Generating unique operation named: android_findDjsUsingPOST_1
2019-06-03 14:15:42.184  INFO 4460 --- [main] .d.s.w.r.o.CachingOperationNameGenerator : Generating unique operation named: findUsingPOST_6
2019-06-03 14:15:42.188  INFO 4460 --- [main] .d.s.w.r.o.CachingOperationNameGenerator : Generating unique operation named: findUsingPOST_7
2019-06-03 14:15:42.188  INFO 4460 --- [main] .d.s.w.r.o.CachingOperationNameGenerator : Generating unique operation named: findUsingPOST_8
2019-06-03 14:15:42.196  INFO 4460 --- [main] .d.s.w.r.o.CachingOperationNameGenerator : Generating unique operation named: addUsingPOST_9
2019-06-03 14:15:42.196  INFO 4460 --- [main] .d.s.w.r.o.CachingOperationNameGenerator : Generating unique operation named: findUsingPOST_9
2019-06-03 14:15:42.196  INFO 4460 --- [main] .d.s.w.r.o.CachingOperationNameGenerator : Generating unique operation named: updateUsingPOST_3
2019-06-03 14:15:42.196  WARN 4460 --- [main] s.d.s.w.r.p.ParameterDataTypeReader      : Trying to infer dataType java.math.BigDecimal[]
2019-06-03 14:15:42.200  WARN 4460 --- [main] s.d.s.w.r.p.ParameterDataTypeReader      : Trying to infer dataType java.lang.String[]
2019-06-03 14:15:42.204  INFO 4460 --- [main] .d.s.w.r.o.CachingOperationNameGenerator : Generating unique operation named: addUsingPOST_10
2019-06-03 14:15:42.208  INFO 4460 --- [main] .d.s.w.r.o.CachingOperationNameGenerator : Generating unique operation named: findUsingPOST_10
2019-06-03 14:15:42.212  INFO 4460 --- [main] .d.s.w.r.o.CachingOperationNameGenerator : Generating unique operation named: updateUsingPOST_4
2019-06-03 14:15:42.216  INFO 4460 --- [main] .d.s.w.r.o.CachingOperationNameGenerator : Generating unique operation named: addUsingPOST_11
2019-06-03 14:15:42.216  INFO 4460 --- [main] .d.s.w.r.o.CachingOperationNameGenerator : Generating unique operation named: findUsingPOST_11
2019-06-03 14:15:42.220  INFO 4460 --- [main] .d.s.w.r.o.CachingOperationNameGenerator : Generating unique operation named: findUsingPOST_12
2019-06-03 14:15:42.228  INFO 4460 --- [main] .d.s.w.r.o.CachingOperationNameGenerator : Generating unique operation named: addUsingPOST_12
2019-06-03 14:15:42.228  INFO 4460 --- [main] .d.s.w.r.o.CachingOperationNameGenerator : Generating unique operation named: addUsingPOST_13
2019-06-03 14:15:42.232  INFO 4460 --- [main] .d.s.w.r.o.CachingOperationNameGenerator : Generating unique operation named: updateUsingPOST_5
2019-06-03 14:15:42.236  INFO 4460 --- [main] .d.s.w.r.o.CachingOperationNameGenerator : Generating unique operation named: addUsingPOST_14
2019-06-03 14:15:42.240  INFO 4460 --- [main] .d.s.w.r.o.CachingOperationNameGenerator : Generating unique operation named: findUsingPOST_13
2019-06-03 14:15:42.240  INFO 4460 --- [main] .d.s.w.r.o.CachingOperationNameGenerator : Generating unique operation named: updateUsingPOST_6
2019-06-03 14:15:42.244  INFO 4460 --- [main] .d.s.w.r.o.CachingOperationNameGenerator : Generating unique operation named: addUsingPOST_15
2019-06-03 14:15:42.248  INFO 4460 --- [main] .d.s.w.r.o.CachingOperationNameGenerator : Generating unique operation named: findUsingPOST_14
2019-06-03 14:15:42.256  INFO 4460 --- [main] .d.s.w.r.o.CachingOperationNameGenerator : Generating unique operation named: senderendUsingPOST_1
2019-06-03 14:15:42.260  INFO 4460 --- [main] .d.s.w.r.o.CachingOperationNameGenerator : Generating unique operation named: updateUsingPOST_7
2019-06-03 14:15:42.264  INFO 4460 --- [main] .d.s.w.r.o.CachingOperationNameGenerator : Generating unique operation named: addUsingPOST_16
2019-06-03 14:15:42.264  INFO 4460 --- [main] .d.s.w.r.o.CachingOperationNameGenerator : Generating unique operation named: findUsingPOST_15
2019-06-03 14:15:42.264  INFO 4460 --- [main] .d.s.w.r.o.CachingOperationNameGenerator : Generating unique operation named: updateUsingPOST_8
2019-06-03 14:15:42.272  INFO 4460 --- [main] .d.s.w.r.o.CachingOperationNameGenerator : Generating unique operation named: addUsingPOST_17
2019-06-03 14:15:42.272  INFO 4460 --- [main] .d.s.w.r.o.CachingOperationNameGenerator : Generating unique operation named: addUsingPOST_18
2019-06-03 14:15:42.276  INFO 4460 --- [main] .d.s.w.r.o.CachingOperationNameGenerator : Generating unique operation named: addUsingPOST_19
2019-06-03 14:15:42.276  INFO 4460 --- [main] .d.s.w.r.o.CachingOperationNameGenerator : Generating unique operation named: addUsingPOST_20
2019-06-03 14:15:42.280  INFO 4460 --- [main] .d.s.w.r.o.CachingOperationNameGenerator : Generating unique operation named: addUsingPOST_21
2019-06-03 14:15:42.280  INFO 4460 --- [main] .d.s.w.r.o.CachingOperationNameGenerator : Generating unique operation named: addUsingPOST_22
2019-06-03 14:15:42.280  INFO 4460 --- [main] .d.s.w.r.o.CachingOperationNameGenerator : Generating unique operation named: addUsingPOST_23
2019-06-03 14:15:42.284  INFO 4460 --- [main] .d.s.w.r.o.CachingOperationNameGenerator : Generating unique operation named: addUsingPOST_24
2019-06-03 14:15:42.284  INFO 4460 --- [main] .d.s.w.r.o.CachingOperationNameGenerator : Generating unique operation named: addUsingPOST_25
2019-06-03 14:15:42.284  INFO 4460 --- [main] .d.s.w.r.o.CachingOperationNameGenerator : Generating unique operation named: add_fullcutUsingPOST_1
2019-06-03 14:15:42.292  INFO 4460 --- [main] .d.s.w.r.o.CachingOperationNameGenerator : Generating unique operation named: openTimeUsingPOST_1
2019-06-03 14:15:42.296  INFO 4460 --- [main] .d.s.w.r.o.CachingOperationNameGenerator : Generating unique operation named: updateUsingPOST_9
2019-06-03 14:15:42.296  INFO 4460 --- [main] .d.s.w.r.o.CachingOperationNameGenerator : Generating unique operation named: addUsingPOST_26
2019-06-03 14:15:42.300  INFO 4460 --- [main] .d.s.w.r.o.CachingOperationNameGenerator : Generating unique operation named: addUsingPOST_27
2019-06-03 14:15:42.300  INFO 4460 --- [main] .d.s.w.r.o.CachingOperationNameGenerator : Generating unique operation named: findUsingPOST_16
2019-06-03 14:15:42.300  INFO 4460 --- [main] .d.s.w.r.o.CachingOperationNameGenerator : Generating unique operation named: updateUsingPOST_10
2019-06-03 14:15:42.304  INFO 4460 --- [main] .d.s.w.r.o.CachingOperationNameGenerator : Generating unique operation named: addUsingPOST_28
2019-06-03 14:15:42.304  INFO 4460 --- [main] .d.s.w.r.o.CachingOperationNameGenerator : Generating unique operation named: findUsingPOST_17
2019-06-03 14:15:42.304  INFO 4460 --- [main] .d.s.w.r.o.CachingOperationNameGenerator : Generating unique operation named: updateUsingPOST_11
2019-06-03 14:15:42.308  INFO 4460 --- [main] .d.s.w.r.o.CachingOperationNameGenerator : Generating unique operation named: addUsingPOST_29
2019-06-03 14:15:42.308  INFO 4460 --- [main] .d.s.w.r.o.CachingOperationNameGenerator : Generating unique operation named: findUsingPOST_18
2019-06-03 14:15:42.312  INFO 4460 --- [main] .d.s.w.r.o.CachingOperationNameGenerator : Generating unique operation named: updateUsingPOST_12
2019-06-03 14:15:42.312  INFO 4460 --- [main] .d.s.w.r.o.CachingOperationNameGenerator : Generating unique operation named: findUsingPOST_19
2019-06-03 14:15:42.316  INFO 4460 --- [main] .d.s.w.r.o.CachingOperationNameGenerator : Generating unique operation named: chargesUsingPOST_1
2019-06-03 14:15:42.320  INFO 4460 --- [main] .d.s.w.r.o.CachingOperationNameGenerator : Generating unique operation named: findUsingPOST_20
2019-06-03 14:15:42.320  INFO 4460 --- [main] .d.s.w.r.o.CachingOperationNameGenerator : Generating unique operation named: getcodeUsingPOST_1
2019-06-03 14:15:42.324  INFO 4460 --- [main] .d.s.w.r.o.CachingOperationNameGenerator : Generating unique operation named: loginUsingPOST_1
2019-06-03 14:15:42.324  INFO 4460 --- [main] .d.s.w.r.o.CachingOperationNameGenerator : Generating unique operation named: updateUsingPOST_13
2019-06-03 14:15:42.444  INFO 4460 --- [main] s.a.ScheduledAnnotationBeanPostProcessor : No TaskScheduler/ScheduledExecutorService bean found for scheduled processing
2019-06-03 14:15:42.484  INFO 4460 --- [main] o.s.b.w.embedded.tomcat.TomcatWebServer  : Tomcat started on port(s): 11000 (http) with context path ''
2019-06-03 14:15:42.488  INFO 4460 --- [main] .s.c.n.e.s.EurekaAutoServiceRegistration : Updating port to 11000
2019-06-03 14:15:42.488  INFO 4460 --- [main] com.App                                  : Started App in 16.963 seconds (JVM running for 17.9)
